<?xml version="1.0" encoding="UTF-8"?>
<!-- Generated by org.testng.reporters.JUnitXMLReporter -->
<testsuite ignored="0" hostname="DESKTOP-E8U6502" failures="0" tests="4" name="Test" time="0.103" errors="0" timestamp="2022-08-07T18:27:05 IST">
  <testcase classname="test.HomepageAnnot2" name="Test3" time="0.009"/>
  <testcase classname="test.AnnotationExample" name="test1" time="0.003"/>
  <testcase classname="test.AnnotationExample" name="test2" time="0.002"/>
  <testcase classname="test2.CheckoutAnnot3" name="test4" time="0.002"/>
</testsuite> <!-- Test -->
