<?xml version="1.0" encoding="UTF-8"?>
<testng-results ignored="0" total="1" passed="1" failed="0" skipped="0">
  <reporter-output>
  </reporter-output>
  <suite started-at="2022-10-24T13:58:39Z" name="Default suite" finished-at="2022-10-24T13:58:46Z" duration-ms="6639">
    <groups>
    </groups>
    <test started-at="2022-10-24T13:58:39Z" name="Default test" finished-at="2022-10-24T13:58:46Z" duration-ms="6639">
      <class name="apiChain.EndToEndTest">
        <test-method signature="test1()[pri:0, instance:apiChain.EndToEndTest@7f485fda]" started-at="2022-10-24T13:58:39Z" name="test1" finished-at="2022-10-24T13:58:46Z" duration-ms="6590" status="PASS">
          <reporter-output>
          </reporter-output>
        </test-method> <!-- test1 -->
      </class> <!-- apiChain.EndToEndTest -->
    </test> <!-- Default test -->
  </suite> <!-- Default suite -->
</testng-results>
