<?xml version="1.0" encoding="UTF-8"?>
<!-- Generated by org.testng.reporters.JUnitXMLReporter -->
<testsuite ignored="0" hostname="DESKTOP-E8U6502" failures="0" tests="4" name="Default test" time="0.145" errors="0" timestamp="2022-08-07T20:56:48 IST">
  <testcase classname="test.HomepageAnnot2" name="Test2" time="0.018"/>
  <testcase classname="test.HomepageAnnot2" name="Test3" time="0.003"/>
  <testcase classname="test.HomepageAnnot2" name="Test4" time="0.002"/>
  <testcase classname="test.HomepageAnnot2" name="Test1" time="0.004"/>
</testsuite> <!-- Default test -->
